C:\Program Files\Microsoft Visual Studio\2022\Community\MSBuild\Microsoft\VC\v170\Microsoft.CppBuild.targets(496,5): warning MSB8004: Output Directory does not end with a trailing slash.  This build instance will add the slash as it is required to allow proper evaluation of the Output Directory.
  game.cpp
C:\Users\Dimitris\Downloads\WorldofTanks\WorldofTanks\game.cpp(18,41): warning C4244: 'argument': conversion from 'int' to 'float', possible loss of data
C:\Users\Dimitris\Downloads\WorldofTanks\WorldofTanks\game.cpp(19,41): warning C4244: 'argument': conversion from 'int' to 'float', possible loss of data
C:\Users\Dimitris\Downloads\WorldofTanks\WorldofTanks\game.cpp(40,41): warning C4244: 'argument': conversion from 'int' to 'float', possible loss of data
C:\Users\Dimitris\Downloads\WorldofTanks\WorldofTanks\game.cpp(41,41): warning C4244: 'argument': conversion from 'int' to 'float', possible loss of data
C:\Users\Dimitris\Downloads\WorldofTanks\WorldofTanks\game.cpp(178,41): warning C4244: 'argument': conversion from 'int' to 'float', possible loss of data
C:\Users\Dimitris\Downloads\WorldofTanks\WorldofTanks\game.cpp(179,41): warning C4244: 'argument': conversion from 'int' to 'float', possible loss of data
C:\Users\Dimitris\Downloads\WorldofTanks\WorldofTanks\game.cpp(250,41): warning C4244: 'argument': conversion from 'int' to 'float', possible loss of data
C:\Users\Dimitris\Downloads\WorldofTanks\WorldofTanks\game.cpp(251,41): warning C4244: 'argument': conversion from 'int' to 'float', possible loss of data
C:\Users\Dimitris\Downloads\WorldofTanks\WorldofTanks\game.cpp(262,18): warning C4244: 'argument': conversion from 'float' to 'int', possible loss of data
C:\Users\Dimitris\Downloads\WorldofTanks\WorldofTanks\game.cpp(262,12): warning C4244: 'argument': conversion from 'float' to 'int', possible loss of data
C:\Users\Dimitris\Downloads\WorldofTanks\WorldofTanks\game.cpp(265,47): warning C4244: 'argument': conversion from 'float' to 'int', possible loss of data
C:\Users\Dimitris\Downloads\WorldofTanks\WorldofTanks\game.cpp(265,25): warning C4244: 'argument': conversion from 'float' to 'int', possible loss of data
C:\Users\Dimitris\Downloads\WorldofTanks\WorldofTanks\game.cpp(302,24): warning C4244: 'argument': conversion from 'int' to 'float', possible loss of data
C:\Users\Dimitris\Downloads\WorldofTanks\WorldofTanks\game.cpp(302,21): warning C4244: 'argument': conversion from 'int' to 'float', possible loss of data
C:\Users\Dimitris\Downloads\WorldofTanks\WorldofTanks\game.cpp(374,19): warning C4244: 'argument': conversion from 'int' to 'float', possible loss of data
C:\Users\Dimitris\Downloads\WorldofTanks\WorldofTanks\game.cpp(375,19): warning C4244: 'argument': conversion from 'int' to 'float', possible loss of data
  main.cpp
  menu.cpp
C:\Users\Dimitris\Downloads\WorldofTanks\WorldofTanks\menu.cpp(23,88): warning C4305: 'argument': truncation from 'double' to 'float'
  player.cpp
C:\Users\Dimitris\Downloads\WorldofTanks\WorldofTanks\player.cpp(16,29): warning C4244: 'argument': conversion from 'double' to 'float', possible loss of data
C:\Users\Dimitris\Downloads\WorldofTanks\WorldofTanks\player.cpp(72,64): warning C4305: 'argument': truncation from 'double' to 'float'
C:\Users\Dimitris\Downloads\WorldofTanks\WorldofTanks\player.cpp(79,64): warning C4305: 'argument': truncation from 'double' to 'float'
  Event.cpp
  Generating Code...
sggd.lib(graphics.obj) : warning LNK4099: PDB 'sggd.pdb' was not found with 'sggd.lib(graphics.obj)' or at 'C:\Users\Dimitris\Downloads\WorldofTanks\bin\sggd.pdb'; linking object as if no debug info
sggd.lib(GLbackend.obj) : warning LNK4099: PDB 'sggd.pdb' was not found with 'sggd.lib(GLbackend.obj)' or at 'C:\Users\Dimitris\Downloads\WorldofTanks\bin\sggd.pdb'; linking object as if no debug info
sggd.lib(shader.obj) : warning LNK4099: PDB 'sggd.pdb' was not found with 'sggd.lib(shader.obj)' or at 'C:\Users\Dimitris\Downloads\WorldofTanks\bin\sggd.pdb'; linking object as if no debug info
sggd.lib(fonts.obj) : warning LNK4099: PDB 'sggd.pdb' was not found with 'sggd.lib(fonts.obj)' or at 'C:\Users\Dimitris\Downloads\WorldofTanks\bin\sggd.pdb'; linking object as if no debug info
sggd.lib(texture.obj) : warning LNK4099: PDB 'sggd.pdb' was not found with 'sggd.lib(texture.obj)' or at 'C:\Users\Dimitris\Downloads\WorldofTanks\bin\sggd.pdb'; linking object as if no debug info
sggd.lib(AudioManager.obj) : warning LNK4099: PDB 'sggd.pdb' was not found with 'sggd.lib(AudioManager.obj)' or at 'C:\Users\Dimitris\Downloads\WorldofTanks\bin\sggd.pdb'; linking object as if no debug info
sggd.lib(lodepng.obj) : warning LNK4099: PDB 'sggd.pdb' was not found with 'sggd.lib(lodepng.obj)' or at 'C:\Users\Dimitris\Downloads\WorldofTanks\bin\sggd.pdb'; linking object as if no debug info
  WorldofTanks.vcxproj -> C:\Users\Dimitris\Downloads\WorldofTanks\bin\WorldofTanksd.exe
